E:\PROJECTS\BREAK\DEBUG\GEOMETRY.OBJ
E:\PROJECTS\BREAK\DEBUG\GLKEYBOARD.OBJ
E:\PROJECTS\BREAK\DEBUG\GLMOUSE.OBJ
E:\PROJECTS\BREAK\DEBUG\IATTRIBUTE.OBJ
E:\PROJECTS\BREAK\DEBUG\IDISPLAY.OBJ
E:\PROJECTS\BREAK\DEBUG\IGXMANAGER.OBJ
E:\PROJECTS\BREAK\DEBUG\IKEYBOARD.OBJ
E:\PROJECTS\BREAK\DEBUG\IMOUSE.OBJ
E:\PROJECTS\BREAK\DEBUG\INDEXBUFFER.OBJ
E:\PROJECTS\BREAK\DEBUG\INPUTDEVICE.OBJ
E:\PROJECTS\BREAK\DEBUG\IRENDERER.OBJ
E:\PROJECTS\BREAK\DEBUG\RAMBUFFER.OBJ
E:\PROJECTS\BREAK\DEBUG\TIME.OBJ
E:\PROJECTS\BREAK\DEBUG\TIMESTEP.OBJ
E:\PROJECTS\BREAK\DEBUG\UNIFORMBUFFER.OBJ
E:\PROJECTS\BREAK\DEBUG\VERTEXBUFFER.OBJ
E:\PROJECTS\BREAK\DEBUG\MEMORYLAYOUT.OBJ
E:\PROJECTS\BREAK\DEBUG\APPLICATION.OBJ
E:\PROJECTS\BREAK\DEBUG\DXKEYBOARD.OBJ
E:\PROJECTS\BREAK\DEBUG\DXMOUSE.OBJ
E:\PROJECTS\BREAK\DEBUG\VC110.PDB
E:\PROJECTS\BREAK\DEBUG\SOURCE.OBJ
E:\PROJECTS\BREAK\DEBUG\SHADER.OBJ
E:\Projects\Break\Debug\Application.obj
E:\Projects\Break\Debug\DXKeyboard.obj
E:\Projects\Break\Debug\DXMouse.obj
E:\Projects\Break\Debug\Geometry.obj
E:\Projects\Break\Debug\GLKeyboard.obj
E:\Projects\Break\Debug\GLMouse.obj
E:\Projects\Break\Debug\IAttribute.obj
E:\Projects\Break\Debug\IDisplay.obj
E:\Projects\Break\Debug\IGXManager.obj
E:\Projects\Break\Debug\IKeyboard.obj
E:\Projects\Break\Debug\IMouse.obj
E:\Projects\Break\Debug\IndexBuffer.obj
E:\Projects\Break\Debug\InputDevice.obj
E:\Projects\Break\Debug\IRenderer.obj
E:\Projects\Break\Debug\MemoryLayout.obj
E:\Projects\Break\Debug\RAMBuffer.obj
E:\Projects\Break\Debug\Shader.obj
E:\Projects\Break\Debug\Source.obj
E:\Projects\Break\Debug\Time.obj
E:\Projects\Break\Debug\TimeStep.obj
E:\Projects\Break\Debug\UniformBuffer.obj
E:\Projects\Break\Debug\VertexBuffer.obj
E:\Projects\Break\Debug\cl.command.1.tlog
E:\Projects\Break\Debug\CL.read.1.tlog
E:\Projects\Break\Debug\CL.write.1.tlog
E:\Projects\Break\Debug\vc110.idb
E:\Projects\Break\Debug\vc110.pdb
