Build started 21/08/2015 12:26:15 ص.
     1>Project "E:\Projects\Break\Break.vcxproj" on node 2 (Build target(s)).
     1>ClCompile:
         C:\Program Files (x86)\Microsoft Visual Studio 11.0\VC\bin\CL.exe /c /ZI /nologo /W3 /WX- /Od /Oy- /D _MBCS /Gm /EHsc /RTC1 /MDd /GS /fp:precise /Zc:wchar_t /Zc:forScope /Fo"Debug\\" /Fd"Debug\vc110.pdb" /Gd /TP /analyze- /errorReport:prompt Source.cpp
         Source.cpp
     1>e:\projects\break\inc\sprite.h(79): warning C4244: 'argument' : conversion from 'unsigned int' to 'float', possible loss of data
     1>e:\projects\break\inc\sprite.h(80): warning C4244: 'argument' : conversion from 'unsigned int' to 'float', possible loss of data
     1>e:\projects\break\testapplication.h(60): warning C4244: 'argument' : conversion from 'int' to 'float', possible loss of data
     1>e:\projects\break\testapplication.h(231): warning C4018: '<' : signed/unsigned mismatch
     1>e:\projects\break\testapplication.h(233): warning C4018: '<' : signed/unsigned mismatch
     1>e:\projects\break\testapplication.h(256): warning C4305: 'argument' : truncation from 'double' to 'float'
     1>e:\projects\break\testapplication.h(260): warning C4305: 'argument' : truncation from 'double' to 'float'
     1>e:\projects\break\testapplication.h(289): warning C4244: 'argument' : conversion from 'double' to 'float', possible loss of data
       Link:
         C:\Program Files (x86)\Microsoft Visual Studio 11.0\VC\bin\link.exe /ERRORREPORT:PROMPT /OUT:"E:\Projects\Break\\bin\Debug\Break.exe" /INCREMENTAL /NOLOGO kernel32.lib user32.lib gdi32.lib winspool.lib comdlg32.lib advapi32.lib shell32.lib ole32.lib oleaut32.lib uuid.lib odbc32.lib odbccp32.lib /MANIFEST /MANIFESTUAC:"level='asInvoker' uiAccess='false'" /manifest:embed /DEBUG /PDB:"E:\Projects\Break\\bin\Debug\Break.pdb" /TLBID:1 /DYNAMICBASE /NXCOMPAT /IMPLIB:"E:\Projects\Break\\bin\Debug\Break.lib" /MACHINE:X86 Debug\AudioTest.obj
         Debug\Source.obj
         Debug\Application.obj
         Debug\AssetManager.obj
         Debug\DXKeyboard.obj
         Debug\DXManager.obj
         Debug\DXMouse.obj
         Debug\Engine.obj
         Debug\Geometry.obj
         Debug\GLKeyboard.obj
         Debug\GLManager.obj
         Debug\GLMouse.obj
         Debug\IAttribute.obj
         Debug\IDisplay.obj
         Debug\IGXManager.obj
         Debug\IKeyboard.obj
         Debug\Image.obj
         Debug\IMouse.obj
         Debug\IndexBuffer.obj
         Debug\InputDevice.obj
         Debug\IRenderer.obj
         Debug\MathUtils.obj
         Debug\RAMBuffer.obj
         Debug\ContentLoader.obj
         Debug\SamplerState.obj
         Debug\Scene.obj
         Debug\Shader.obj
         Debug\Shape2D.obj
         Debug\SpriteBatch.obj
         Debug\Texture.obj
         Debug\Texture2D.obj
         Debug\Time.obj
         Debug\TimeStep.obj
         Debug\Transform.obj
         Debug\UniformBuffer.obj
         Debug\VertexBuffer.obj
         Debug\MemoryLayout.obj
     1>MSVCRTD.lib(cinitexe.obj) : warning LNK4098: defaultlib 'msvcrt.lib' conflicts with use of other libs; use /NODEFAULTLIB:library
         Break.vcxproj -> E:\Projects\Break\\bin\Debug\Break.exe
     1>Done Building Project "E:\Projects\Break\Break.vcxproj" (Build target(s)).

Build succeeded.

Time Elapsed 00:00:04.08
