Build started 3/15/2015 9:32:06 PM.
     1>Project "D:\GitHub\Break\Renderer\Rendering Engine.vcxproj" on node 3 (Build target(s)).
     1>ClCompile:
         C:\Program Files (x86)\Microsoft Visual Studio 11.0\VC\bin\CL.exe /c /ZI /nologo /W3 /WX- /Od /Oy- /D _MBCS /Gm /EHsc /RTC1 /MDd /GS /fp:precise /Zc:wchar_t /Zc:forScope /Fo"Debug\\" /Fd"Debug\vc110.pdb" /Gd /TP /analyze- /errorReport:prompt /D "BUILD_DLL" DXManager.cpp GLManager.cpp
         GLManager.cpp
         DXManager.cpp
         Generating Code...
       Lib:
         C:\Program Files (x86)\Microsoft Visual Studio 11.0\VC\bin\Lib.exe /OUT:"D:\GitHub\Break\Debug\Renderer.lib" /NOLOGO Debug\DXManager.obj
         Debug\GLManager.obj
         D:\GitHub\Break\Debug\Infrastructure.lib
         D:\GitHub\Break\Debug\GXWrapper.lib
     1>GXWrapper.lib(TimeStep.obj) : warning LNK4006: "public: __thiscall Break::Infrastructure::TimeStep::TimeStep(double,double)" (??0TimeStep@Infrastructure@Break@@QAE@NN@Z) already defined in Infrastructure.lib(TimeStep.obj); second definition ignored
     1>GXWrapper.lib(TimeStep.obj) : warning LNK4221: This object file does not define any previously undefined public symbols, so it will not be used by any link operation that consumes this library
     1>GXWrapper.lib(Time.obj) : warning LNK4006: "public: static unsigned int __cdecl Break::Infrastructure::Time::getFPS(void)" (?getFPS@Time@Infrastructure@Break@@SAIXZ) already defined in Infrastructure.lib(Time.obj); second definition ignored
     1>GXWrapper.lib(Time.obj) : warning LNK4006: "public: static unsigned int __cdecl Break::Infrastructure::Time::getFrameLimit(void)" (?getFrameLimit@Time@Infrastructure@Break@@SAIXZ) already defined in Infrastructure.lib(Time.obj); second definition ignored
     1>GXWrapper.lib(Time.obj) : warning LNK4006: "public: static double __cdecl Break::Infrastructure::Time::getTime(void)" (?getTime@Time@Infrastructure@Break@@SANXZ) already defined in Infrastructure.lib(Time.obj); second definition ignored
     1>GXWrapper.lib(Time.obj) : warning LNK4006: "public: static enum Break::Infrastructure::Time::Type __cdecl Break::Infrastructure::Time::getType(void)" (?getType@Time@Infrastructure@Break@@SA?AW4Type@123@XZ) already defined in Infrastructure.lib(Time.obj); second definition ignored
     1>GXWrapper.lib(Time.obj) : warning LNK4006: "public: static void __cdecl Break::Infrastructure::Time::setFrameLimit(unsigned int)" (?setFrameLimit@Time@Infrastructure@Break@@SAXI@Z) already defined in Infrastructure.lib(Time.obj); second definition ignored
     1>GXWrapper.lib(Time.obj) : warning LNK4006: "public: static void __cdecl Break::Infrastructure::Time::setType(enum Break::Infrastructure::Time::Type)" (?setType@Time@Infrastructure@Break@@SAXW4Type@123@@Z) already defined in Infrastructure.lib(Time.obj); second definition ignored
     1>GXWrapper.lib(Time.obj) : warning LNK4006: "private: static double Break::Infrastructure::Time::_freq" (?_freq@Time@Infrastructure@Break@@0NA) already defined in Infrastructure.lib(Time.obj); second definition ignored
     1>GXWrapper.lib(Time.obj) : warning LNK4006: "private: static bool Break::Infrastructure::Time::_init" (?_init@Time@Infrastructure@Break@@0_NA) already defined in Infrastructure.lib(Time.obj); second definition ignored
     1>GXWrapper.lib(Time.obj) : warning LNK4006: "private: static unsigned int Break::Infrastructure::Time::_frameLimit" (?_frameLimit@Time@Infrastructure@Break@@0IA) already defined in Infrastructure.lib(Time.obj); second definition ignored
     1>GXWrapper.lib(Time.obj) : warning LNK4006: "private: static double Break::Infrastructure::Time::_lastTime" (?_lastTime@Time@Infrastructure@Break@@0NA) already defined in Infrastructure.lib(Time.obj); second definition ignored
     1>GXWrapper.lib(Time.obj) : warning LNK4006: "private: static double Break::Infrastructure::Time::_counter" (?_counter@Time@Infrastructure@Break@@0NA) already defined in Infrastructure.lib(Time.obj); second definition ignored
     1>GXWrapper.lib(Time.obj) : warning LNK4006: "private: static unsigned int Break::Infrastructure::Time::_frameCounter" (?_frameCounter@Time@Infrastructure@Break@@0IA) already defined in Infrastructure.lib(Time.obj); second definition ignored
     1>GXWrapper.lib(Time.obj) : warning LNK4006: "private: static double Break::Infrastructure::Time::_secondTick" (?_secondTick@Time@Infrastructure@Break@@0NA) already defined in Infrastructure.lib(Time.obj); second definition ignored
     1>GXWrapper.lib(Time.obj) : warning LNK4006: "private: static double Break::Infrastructure::Time::_totalElapsedTime" (?_totalElapsedTime@Time@Infrastructure@Break@@0NA) already defined in Infrastructure.lib(Time.obj); second definition ignored
     1>GXWrapper.lib(Time.obj) : warning LNK4006: "private: static unsigned int Break::Infrastructure::Time::FPS" (?FPS@Time@Infrastructure@Break@@0IA) already defined in Infrastructure.lib(Time.obj); second definition ignored
     1>GXWrapper.lib(Time.obj) : warning LNK4006: "private: static enum Break::Infrastructure::Time::Type Break::Infrastructure::Time::_type" (?_type@Time@Infrastructure@Break@@0W4Type@123@A) already defined in Infrastructure.lib(Time.obj); second definition ignored
     1>GXWrapper.lib(Time.obj) : warning LNK4221: This object file does not define any previously undefined public symbols, so it will not be used by any link operation that consumes this library
     1>GXWrapper.lib(IRenderer.obj) : warning LNK4006: "public: __thiscall Break::Infrastructure::IRenderer::IRenderer(void)" (??0IRenderer@Infrastructure@Break@@QAE@XZ) already defined in Infrastructure.lib(IRenderer.obj); second definition ignored
     1>GXWrapper.lib(IRenderer.obj) : warning LNK4006: "public: virtual __thiscall Break::Infrastructure::IRenderer::~IRenderer(void)" (??1IRenderer@Infrastructure@Break@@UAE@XZ) already defined in Infrastructure.lib(IRenderer.obj); second definition ignored
     1>GXWrapper.lib(IRenderer.obj) : warning LNK4006: "public: virtual void __thiscall Break::Infrastructure::IRenderer::input(void)" (?input@IRenderer@Infrastructure@Break@@UAEXXZ) already defined in Infrastructure.lib(IRenderer.obj); second definition ignored
     1>GXWrapper.lib(IRenderer.obj) : warning LNK4006: "public: virtual void __thiscall Break::Infrastructure::IRenderer::render(void)" (?render@IRenderer@Infrastructure@Break@@UAEXXZ) already defined in Infrastructure.lib(IRenderer.obj); second definition ignored
     1>GXWrapper.lib(IRenderer.obj) : warning LNK4006: "public: virtual void __thiscall Break::Infrastructure::IRenderer::update(class Break::Infrastructure::TimeStep)" (?update@IRenderer@Infrastructure@Break@@UAEXVTimeStep@23@@Z) already defined in Infrastructure.lib(IRenderer.obj); second definition ignored
     1>GXWrapper.lib(IRenderer.obj) : warning LNK4221: This object file does not define any previously undefined public symbols, so it will not be used by any link operation that consumes this library
     1>GXWrapper.lib(InputDevice.obj) : warning LNK4006: "public: __thiscall Break::Infrastructure::InputDevice::InputDevice(void)" (??0InputDevice@Infrastructure@Break@@QAE@XZ) already defined in Infrastructure.lib(InputDevice.obj); second definition ignored
     1>GXWrapper.lib(InputDevice.obj) : warning LNK4006: "public: virtual __thiscall Break::Infrastructure::InputDevice::~InputDevice(void)" (??1InputDevice@Infrastructure@Break@@UAE@XZ) already defined in Infrastructure.lib(InputDevice.obj); second definition ignored
     1>GXWrapper.lib(InputDevice.obj) : warning LNK4006: "protected: virtual void __thiscall Break::Infrastructure::InputDevice::update(void)" (?update@InputDevice@Infrastructure@Break@@MAEXXZ) already defined in Infrastructure.lib(InputDevice.obj); second definition ignored
     1>GXWrapper.lib(InputDevice.obj) : warning LNK4221: This object file does not define any previously undefined public symbols, so it will not be used by any link operation that consumes this library
     1>GXWrapper.lib(IMouse.obj) : warning LNK4006: "public: __thiscall Break::Infrastructure::IMouse::IMouse(void)" (??0IMouse@Infrastructure@Break@@QAE@XZ) already defined in Infrastructure.lib(IMouse.obj); second definition ignored
     1>GXWrapper.lib(IMouse.obj) : warning LNK4006: "public: virtual __thiscall Break::Infrastructure::IMouse::~IMouse(void)" (??1IMouse@Infrastructure@Break@@UAE@XZ) already defined in Infrastructure.lib(IMouse.obj); second definition ignored
     1>GXWrapper.lib(IMouse.obj) : warning LNK4006: "public: static enum Break::Infrastructure::IMouse::ButtonState __cdecl Break::Infrastructure::IMouse::getButton(enum Break::Infrastructure::IMouse::Buttons)" (?getButton@IMouse@Infrastructure@Break@@SA?AW4ButtonState@123@W4Buttons@123@@Z) already defined in Infrastructure.lib(IMouse.obj); second definition ignored
     1>GXWrapper.lib(IMouse.obj) : warning LNK4006: "public: static struct glm::detail::tvec2<unsigned int,0> __cdecl Break::Infrastructure::IMouse::getPosition(void)" (?getPosition@IMouse@Infrastructure@Break@@SA?AU?$tvec2@I$0A@@detail@glm@@XZ) already defined in Infrastructure.lib(IMouse.obj); second definition ignored
     1>GXWrapper.lib(IMouse.obj) : warning LNK4006: "public: static void __cdecl Break::Infrastructure::IMouse::setPosition(struct glm::detail::tvec2<unsigned int,0>)" (?setPosition@IMouse@Infrastructure@Break@@SAXU?$tvec2@I$0A@@detail@glm@@@Z) already defined in Infrastructure.lib(IMouse.obj); second definition ignored
     1>GXWrapper.lib(IMouse.obj) : warning LNK4006: "protected: virtual void __thiscall Break::Infrastructure::IMouse::update(void)" (?update@IMouse@Infrastructure@Break@@MAEXXZ) already defined in Infrastructure.lib(IMouse.obj); second definition ignored
     1>GXWrapper.lib(IMouse.obj) : warning LNK4006: "protected: static class std::map<enum Break::Infrastructure::IMouse::Buttons,enum Break::Infrastructure::IMouse::ButtonState,struct std::less<enum Break::Infrastructure::IMouse::Buttons>,class std::allocator<struct std::pair<enum Break::Infrastructure::IMouse::Buttons const ,enum Break::Infrastructure::IMouse::ButtonState> > > Break::Infrastructure::IMouse::_data" (?_data@IMouse@Infrastructure@Break@@1V?$map@W4Buttons@IMouse@Infrastructure@Break@@W4ButtonState@234@U?$less@W4Buttons@IMouse@Infrastructure@Break@@@std@@V?$allocator@U?$pair@$$CBW4Buttons@IMouse@Infrastructure@Break@@W4ButtonState@234@@std@@@7@@std@@A) already defined in Infrastructure.lib(IMouse.obj); second definition ignored
     1>GXWrapper.lib(IMouse.obj) : warning LNK4006: "protected: static struct glm::detail::tvec2<unsigned int,0> Break::Infrastructure::IMouse::_position" (?_position@IMouse@Infrastructure@Break@@1U?$tvec2@I$0A@@detail@glm@@A) already defined in Infrastructure.lib(IMouse.obj); second definition ignored
     1>GXWrapper.lib(IMouse.obj) : warning LNK4221: This object file does not define any previously undefined public symbols, so it will not be used by any link operation that consumes this library
     1>GXWrapper.lib(IKeyboard.obj) : warning LNK4006: "protected: __thiscall Break::Infrastructure::IKeyboard::IKeyboard(void)" (??0IKeyboard@Infrastructure@Break@@IAE@XZ) already defined in Infrastructure.lib(IKeyboard.obj); second definition ignored
     1>GXWrapper.lib(IKeyboard.obj) : warning LNK4006: "public: virtual __thiscall Break::Infrastructure::IKeyboard::~IKeyboard(void)" (??1IKeyboard@Infrastructure@Break@@UAE@XZ) already defined in Infrastructure.lib(IKeyboard.obj); second definition ignored
     1>GXWrapper.lib(IKeyboard.obj) : warning LNK4006: "public: static enum Break::Infrastructure::IKeyboard::KeyState __cdecl Break::Infrastructure::IKeyboard::getKey(enum Break::Infrastructure::IKeyboard::Keys)" (?getKey@IKeyboard@Infrastructure@Break@@SA?AW4KeyState@123@W4Keys@123@@Z) already defined in Infrastructure.lib(IKeyboard.obj); second definition ignored
     1>GXWrapper.lib(IKeyboard.obj) : warning LNK4006: "protected: virtual void __thiscall Break::Infrastructure::IKeyboard::update(void)" (?update@IKeyboard@Infrastructure@Break@@MAEXXZ) already defined in Infrastructure.lib(IKeyboard.obj); second definition ignored
     1>GXWrapper.lib(IKeyboard.obj) : warning LNK4006: "protected: static class std::map<enum Break::Infrastructure::IKeyboard::Keys,enum Break::Infrastructure::IKeyboard::KeyState,struct std::less<enum Break::Infrastructure::IKeyboard::Keys>,class std::allocator<struct std::pair<enum Break::Infrastructure::IKeyboard::Keys const ,enum Break::Infrastructure::IKeyboard::KeyState> > > Break::Infrastructure::IKeyboard::_data" (?_data@IKeyboard@Infrastructure@Break@@1V?$map@W4Keys@IKeyboard@Infrastructure@Break@@W4KeyState@234@U?$less@W4Keys@IKeyboard@Infrastructure@Break@@@std@@V?$allocator@U?$pair@$$CBW4Keys@IKeyboard@Infrastructure@Break@@W4KeyState@234@@std@@@7@@std@@A) already defined in Infrastructure.lib(IKeyboard.obj); second definition ignored
     1>GXWrapper.lib(IKeyboard.obj) : warning LNK4221: This object file does not define any previously undefined public symbols, so it will not be used by any link operation that consumes this library
     1>GXWrapper.lib(IGXManager.obj) : warning LNK4006: "public: __thiscall Break::Infrastructure::IGXManager::IGXManager(void)" (??0IGXManager@Infrastructure@Break@@QAE@XZ) already defined in Infrastructure.lib(IGXManager.obj); second definition ignored
     1>GXWrapper.lib(IGXManager.obj) : warning LNK4006: "public: virtual __thiscall Break::Infrastructure::IGXManager::~IGXManager(void)" (??1IGXManager@Infrastructure@Break@@UAE@XZ) already defined in Infrastructure.lib(IGXManager.obj); second definition ignored
     1>GXWrapper.lib(IGXManager.obj) : warning LNK4006: "public: virtual void __thiscall Break::Infrastructure::IGXManager::clearBuffer(void)" (?clearBuffer@IGXManager@Infrastructure@Break@@UAEXXZ) already defined in Infrastructure.lib(IGXManager.obj); second definition ignored
     1>GXWrapper.lib(IGXManager.obj) : warning LNK4006: "public: virtual bool __thiscall Break::Infrastructure::IGXManager::init(class std::shared_ptr<class Break::Infrastructure::Application>)" (?init@IGXManager@Infrastructure@Break@@UAE_NV?$shared_ptr@VApplication@Infrastructure@Break@@@std@@@Z) already defined in Infrastructure.lib(IGXManager.obj); second definition ignored
     1>GXWrapper.lib(IGXManager.obj) : warning LNK4006: "public: virtual void __thiscall Break::Infrastructure::IGXManager::setCursorPostion(struct glm::detail::tvec2<unsigned int,0>)" (?setCursorPostion@IGXManager@Infrastructure@Break@@UAEXU?$tvec2@I$0A@@detail@glm@@@Z) already defined in Infrastructure.lib(IGXManager.obj); second definition ignored
     1>GXWrapper.lib(IGXManager.obj) : warning LNK4006: "public: virtual void __thiscall Break::Infrastructure::IGXManager::start(void)" (?start@IGXManager@Infrastructure@Break@@UAEXXZ) already defined in Infrastructure.lib(IGXManager.obj); second definition ignored
     1>GXWrapper.lib(IGXManager.obj) : warning LNK4006: "public: virtual void __thiscall Break::Infrastructure::IGXManager::swapBuffer(void)" (?swapBuffer@IGXManager@Infrastructure@Break@@UAEXXZ) already defined in Infrastructure.lib(IGXManager.obj); second definition ignored
     1>GXWrapper.lib(IGXManager.obj) : warning LNK4221: This object file does not define any previously undefined public symbols, so it will not be used by any link operation that consumes this library
     1>GXWrapper.lib(IDisplay.obj) : warning LNK4006: "public: __thiscall Break::Infrastructure::IDisplay::IDisplay(unsigned int,unsigned int,class std::basic_string<char,struct std::char_traits<char>,class std::allocator<char> >)" (??0IDisplay@Infrastructure@Break@@QAE@IIV?$basic_string@DU?$char_traits@D@std@@V?$allocator@D@2@@std@@@Z) already defined in Infrastructure.lib(IDisplay.obj); second definition ignored
     1>GXWrapper.lib(IDisplay.obj) : warning LNK4006: "public: virtual __thiscall Break::Infrastructure::IDisplay::~IDisplay(void)" (??1IDisplay@Infrastructure@Break@@UAE@XZ) already defined in Infrastructure.lib(IDisplay.obj); second definition ignored
     1>GXWrapper.lib(IDisplay.obj) : warning LNK4006: "public: float __thiscall Break::Infrastructure::IDisplay::aspectRatio(void)" (?aspectRatio@IDisplay@Infrastructure@Break@@QAEMXZ) already defined in Infrastructure.lib(IDisplay.obj); second definition ignored
     1>GXWrapper.lib(IDisplay.obj) : warning LNK4006: "public: unsigned int __thiscall Break::Infrastructure::IDisplay::getHeight(void)" (?getHeight@IDisplay@Infrastructure@Break@@QAEIXZ) already defined in Infrastructure.lib(IDisplay.obj); second definition ignored
     1>GXWrapper.lib(IDisplay.obj) : warning LNK4006: "public: class std::basic_string<char,struct std::char_traits<char>,class std::allocator<char> > __thiscall Break::Infrastructure::IDisplay::getTitle(void)" (?getTitle@IDisplay@Infrastructure@Break@@QAE?AV?$basic_string@DU?$char_traits@D@std@@V?$allocator@D@2@@std@@XZ) already defined in Infrastructure.lib(IDisplay.obj); second definition ignored
     1>GXWrapper.lib(IDisplay.obj) : warning LNK4006: "public: unsigned int __thiscall Break::Infrastructure::IDisplay::getWidth(void)" (?getWidth@IDisplay@Infrastructure@Break@@QAEIXZ) already defined in Infrastructure.lib(IDisplay.obj); second definition ignored
     1>GXWrapper.lib(IDisplay.obj) : warning LNK4006: "public: void __thiscall Break::Infrastructure::IDisplay::setHeight(unsigned int)" (?setHeight@IDisplay@Infrastructure@Break@@QAEXI@Z) already defined in Infrastructure.lib(IDisplay.obj); second definition ignored
     1>GXWrapper.lib(IDisplay.obj) : warning LNK4006: "public: void __thiscall Break::Infrastructure::IDisplay::setTitle(class std::basic_string<char,struct std::char_traits<char>,class std::allocator<char> >)" (?setTitle@IDisplay@Infrastructure@Break@@QAEXV?$basic_string@DU?$char_traits@D@std@@V?$allocator@D@2@@std@@@Z) already defined in Infrastructure.lib(IDisplay.obj); second definition ignored
     1>GXWrapper.lib(IDisplay.obj) : warning LNK4006: "public: void __thiscall Break::Infrastructure::IDisplay::setWidth(unsigned int)" (?setWidth@IDisplay@Infrastructure@Break@@QAEXI@Z) already defined in Infrastructure.lib(IDisplay.obj); second definition ignored
     1>GXWrapper.lib(IDisplay.obj) : warning LNK4221: This object file does not define any previously undefined public symbols, so it will not be used by any link operation that consumes this library
     1>GXWrapper.lib(Engine.obj) : warning LNK4006: "private: __thiscall Break::Infrastructure::Engine::Engine(void)" (??0Engine@Infrastructure@Break@@AAE@XZ) already defined in Infrastructure.lib(Engine.obj); second definition ignored
     1>GXWrapper.lib(Engine.obj) : warning LNK4006: "public: __thiscall Break::Infrastructure::Engine::~Engine(void)" (??1Engine@Infrastructure@Break@@QAE@XZ) already defined in Infrastructure.lib(Engine.obj); second definition ignored
     1>GXWrapper.lib(Engine.obj) : warning LNK4006: "private: void __thiscall Break::Infrastructure::Engine::gameloop(void)" (?gameloop@Engine@Infrastructure@Break@@AAEXXZ) already defined in Infrastructure.lib(Engine.obj); second definition ignored
     1>GXWrapper.lib(Engine.obj) : warning LNK4006: "private: class std::shared_ptr<class Break::Infrastructure::Engine> __thiscall Break::Infrastructure::Engine::get(void)" (?get@Engine@Infrastructure@Break@@AAE?AV?$shared_ptr@VEngine@Infrastructure@Break@@@std@@XZ) already defined in Infrastructure.lib(Engine.obj); second definition ignored
     1>GXWrapper.lib(Engine.obj) : warning LNK4006: "private: class std::shared_ptr<class Break::Infrastructure::IGXManager> __thiscall Break::Infrastructure::Engine::getGraphicsDevice(void)" (?getGraphicsDevice@Engine@Infrastructure@Break@@AAE?AV?$shared_ptr@VIGXManager@Infrastructure@Break@@@std@@XZ) already defined in Infrastructure.lib(Engine.obj); second definition ignored
     1>GXWrapper.lib(Engine.obj) : warning LNK4006: "private: bool __thiscall Break::Infrastructure::Engine::init(void)" (?init@Engine@Infrastructure@Break@@AAE_NXZ) already defined in Infrastructure.lib(Engine.obj); second definition ignored
     1>GXWrapper.lib(Engine.obj) : warning LNK4006: "private: void __thiscall Break::Infrastructure::Engine::input(void)" (?input@Engine@Infrastructure@Break@@AAEXXZ) already defined in Infrastructure.lib(Engine.obj); second definition ignored
     1>GXWrapper.lib(Engine.obj) : warning LNK4006: "public: void __thiscall Break::Infrastructure::Engine::join(bool)" (?join@Engine@Infrastructure@Break@@QAEX_N@Z) already defined in Infrastructure.lib(Engine.obj); second definition ignored
     1>GXWrapper.lib(Engine.obj) : warning LNK4006: "private: void __thiscall Break::Infrastructure::Engine::render(void)" (?render@Engine@Infrastructure@Break@@AAEXXZ) already defined in Infrastructure.lib(Engine.obj); second definition ignored
     1>GXWrapper.lib(Engine.obj) : warning LNK4006: "private: void __thiscall Break::Infrastructure::Engine::set(class std::shared_ptr<class Break::Infrastructure::Engine>)" (?set@Engine@Infrastructure@Break@@AAEXV?$shared_ptr@VEngine@Infrastructure@Break@@@std@@@Z) already defined in Infrastructure.lib(Engine.obj); second definition ignored
     1>GXWrapper.lib(Engine.obj) : warning LNK4006: "public: void __thiscall Break::Infrastructure::Engine::setup(class std::shared_ptr<class Break::Infrastructure::Application>,enum Break::Infrastructure::API,class std::shared_ptr<class Break::Infrastructure::IRenderer>)" (?setup@Engine@Infrastructure@Break@@QAEXV?$shared_ptr@VApplication@Infrastructure@Break@@@std@@W4API@23@V?$shared_ptr@VIRenderer@Infrastructure@Break@@@5@@Z) already defined in Infrastructure.lib(Engine.obj); second definition ignored
     1>GXWrapper.lib(Engine.obj) : warning LNK4006: "public: void __thiscall Break::Infrastructure::Engine::start(void)" (?start@Engine@Infrastructure@Break@@QAEXXZ) already defined in Infrastructure.lib(Engine.obj); second definition ignored
     1>GXWrapper.lib(Engine.obj) : warning LNK4006: "private: void __thiscall Break::Infrastructure::Engine::update(class Break::Infrastructure::TimeStep)" (?update@Engine@Infrastructure@Break@@AAEXVTimeStep@23@@Z) already defined in Infrastructure.lib(Engine.obj); second definition ignored
     1>GXWrapper.lib(Engine.obj) : warning LNK4006: "public: static class Break::Infrastructure::Property<class std::shared_ptr<class Break::Infrastructure::Engine>,class Break::Infrastructure::Engine,0> Break::Infrastructure::Engine::Instance" (?Instance@Engine@Infrastructure@Break@@2V?$Property@V?$shared_ptr@VEngine@Infrastructure@Break@@@std@@VEngine@Infrastructure@Break@@$0A@@23@A) already defined in Infrastructure.lib(Engine.obj); second definition ignored
     1>GXWrapper.lib(Engine.obj) : warning LNK4006: "private: static class std::shared_ptr<class Break::Infrastructure::Engine> Break::Infrastructure::Engine::_instance" (?_instance@Engine@Infrastructure@Break@@0V?$shared_ptr@VEngine@Infrastructure@Break@@@std@@A) already defined in Infrastructure.lib(Engine.obj); second definition ignored
     1>GXWrapper.lib(Engine.obj) : warning LNK4221: This object file does not define any previously undefined public symbols, so it will not be used by any link operation that consumes this library
     1>GXWrapper.lib(Application.obj) : warning LNK4006: "public: __thiscall Break::Infrastructure::Application::Application(void)" (??0Application@Infrastructure@Break@@QAE@XZ) already defined in Infrastructure.lib(Application.obj); second definition ignored
     1>GXWrapper.lib(Application.obj) : warning LNK4006: "public: virtual __thiscall Break::Infrastructure::Application::~Application(void)" (??1Application@Infrastructure@Break@@UAE@XZ) already defined in Infrastructure.lib(Application.obj); second definition ignored
     1>GXWrapper.lib(Application.obj) : warning LNK4006: "public: virtual void __thiscall Break::Infrastructure::Application::cleanUp(void)" (?cleanUp@Application@Infrastructure@Break@@UAEXXZ) already defined in Infrastructure.lib(Application.obj); second definition ignored
     1>GXWrapper.lib(Application.obj) : warning LNK4006: "public: class std::shared_ptr<class Break::Infrastructure::IDisplay> __thiscall Break::Infrastructure::Application::getDisplay(void)" (?getDisplay@Application@Infrastructure@Break@@QAE?AV?$shared_ptr@VIDisplay@Infrastructure@Break@@@std@@XZ) already defined in Infrastructure.lib(Application.obj); second definition ignored
     1>GXWrapper.lib(Application.obj) : warning LNK4006: "public: virtual void __thiscall Break::Infrastructure::Application::init(void)" (?init@Application@Infrastructure@Break@@UAEXXZ) already defined in Infrastructure.lib(Application.obj); second definition ignored
     1>GXWrapper.lib(Application.obj) : warning LNK4006: "public: virtual void __thiscall Break::Infrastructure::Application::input(void)" (?input@Application@Infrastructure@Break@@UAEXXZ) already defined in Infrastructure.lib(Application.obj); second definition ignored
     1>GXWrapper.lib(Application.obj) : warning LNK4006: "public: virtual void __thiscall Break::Infrastructure::Application::loadResources(void)" (?loadResources@Application@Infrastructure@Break@@UAEXXZ) already defined in Infrastructure.lib(Application.obj); second definition ignored
     1>GXWrapper.lib(Application.obj) : warning LNK4006: "public: virtual void __thiscall Break::Infrastructure::Application::render(void)" (?render@Application@Infrastructure@Break@@UAEXXZ) already defined in Infrastructure.lib(Application.obj); second definition ignored
     1>GXWrapper.lib(Application.obj) : warning LNK4006: "public: virtual void __thiscall Break::Infrastructure::Application::setupScene(void)" (?setupScene@Application@Infrastructure@Break@@UAEXXZ) already defined in Infrastructure.lib(Application.obj); second definition ignored
     1>GXWrapper.lib(Application.obj) : warning LNK4006: "public: virtual void __thiscall Break::Infrastructure::Application::update(class Break::Infrastructure::TimeStep)" (?update@Application@Infrastructure@Break@@UAEXVTimeStep@23@@Z) already defined in Infrastructure.lib(Application.obj); second definition ignored
     1>GXWrapper.lib(Application.obj) : warning LNK4221: This object file does not define any previously undefined public symbols, so it will not be used by any link operation that consumes this library
         Rendering Engine.vcxproj -> D:\GitHub\Break\Debug\Renderer.lib
     1>Done Building Project "D:\GitHub\Break\Renderer\Rendering Engine.vcxproj" (Build target(s)).

Build succeeded.

Time Elapsed 00:00:01.82
