D:\BREAK\RELEASE\IMAGE.OBJ
D:\BREAK\RELEASE\IKEYBOARD.OBJ
D:\BREAK\RELEASE\IDISPLAY.OBJ
D:\BREAK\RELEASE\GLMOUSE.OBJ
D:\BREAK\RELEASE\GLKEYBOARD.OBJ
D:\BREAK\RELEASE\DXMOUSE.OBJ
D:\BREAK\RELEASE\DXKEYBOARD.OBJ
D:\BREAK\RELEASE\TIMESTEP.OBJ
D:\BREAK\RELEASE\RAMBUFFER.OBJ
D:\BREAK\RELEASE\MATHUTILS.OBJ
D:\BREAK\RELEASE\INPUTDEVICE.OBJ
D:\BREAK\RELEASE\TEXTURE.OBJ
D:\BREAK\RELEASE\CONTENTLOADER.OBJ
D:\BREAK\RELEASE\IATTRIBUTE.OBJ
D:\BREAK\RELEASE\MEMORYLAYOUT.OBJ
D:\BREAK\BIN\RELEASE\BREAK.EXE
D:\BREAK\BIN\RELEASE\BREAK.PDB
D:\Break\Release\Application.obj
D:\Break\Release\AssetManager.obj
D:\Break\Release\AudioTest.obj
D:\Break\Release\Body.obj
D:\Break\Release\Circle.obj
D:\Break\Release\Collider.obj
D:\Break\Release\ContentLoader.obj
D:\Break\Release\DXKeyboard.obj
D:\Break\Release\DXManager.obj
D:\Break\Release\DXMouse.obj
D:\Break\Release\Engine.obj
D:\Break\Release\Geometry.obj
D:\Break\Release\GLKeyboard.obj
D:\Break\Release\GLManager.obj
D:\Break\Release\GLMouse.obj
D:\Break\Release\IAttribute.obj
D:\Break\Release\IDisplay.obj
D:\Break\Release\IGXManager.obj
D:\Break\Release\IKeyboard.obj
D:\Break\Release\Image.obj
D:\Break\Release\IMouse.obj
D:\Break\Release\IndexBuffer.obj
D:\Break\Release\InputDevice.obj
D:\Break\Release\IRenderer.obj
D:\Break\Release\Manifold.obj
D:\Break\Release\MathUtils.obj
D:\Break\Release\MemoryLayout.obj
D:\Break\Release\PhysicsN.obj
D:\Break\Release\RAMBuffer.obj
D:\Break\Release\SamplerState.obj
D:\Break\Release\Scene.obj
D:\Break\Release\Shader.obj
D:\Break\Release\Shape2D.obj
D:\Break\Release\Source.obj
D:\Break\Release\SpriteBatch.obj
D:\Break\Release\Texture.obj
D:\Break\Release\Texture2D.obj
D:\Break\Release\Time.obj
D:\Break\Release\TimeStep.obj
D:\Break\Release\Transform.obj
D:\Break\Release\UniformBuffer.obj
D:\Break\Release\VertexBuffer.obj
D:\Break\Release\World.obj
D:\Break\Release\Break.write.1.tlog
D:\Break\Release\cl.command.1.tlog
D:\Break\Release\CL.read.1.tlog
D:\Break\Release\CL.write.1.tlog
D:\Break\Release\Lib-link.read.1.tlog
D:\Break\Release\Lib-link.write.1.tlog
D:\Break\Release\lib.command.1.tlog
D:\Break\Release\link-cvtres.read.1.tlog
D:\Break\Release\link-cvtres.write.1.tlog
D:\Break\Release\link-rc.read.1.tlog
D:\Break\Release\link-rc.write.1.tlog
D:\Break\Release\link.command.1.tlog
D:\Break\Release\link.read.1.tlog
D:\Break\Release\link.read.2.tlog
D:\Break\Release\link.read.3.tlog
D:\Break\Release\link.read.4.tlog
D:\Break\Release\link.read.5.tlog
D:\Break\Release\link.write.1.tlog
D:\Break\Release\vc110.pdb
D:\Break\\bin\Release\Break.pdb
D:\Break\\bin\Release\Break.exe
