C:\USERS\SHO3LA\DESKTOP\BREAK-MASTER\BREAK-MASTER\INFRASTRUCTURE\DEBUG\TIMESTEP.XDC
C:\USERS\SHO3LA\DESKTOP\BREAK-MASTER\BREAK-MASTER\INFRASTRUCTURE\DEBUG\TIME.XDC
C:\USERS\SHO3LA\DESKTOP\BREAK-MASTER\BREAK-MASTER\INFRASTRUCTURE\DEBUG\IRENDERER.XDC
C:\USERS\SHO3LA\DESKTOP\BREAK-MASTER\BREAK-MASTER\INFRASTRUCTURE\DEBUG\INPUTDEVICE.XDC
C:\USERS\SHO3LA\DESKTOP\BREAK-MASTER\BREAK-MASTER\INFRASTRUCTURE\DEBUG\IMOUSE.XDC
C:\USERS\SHO3LA\DESKTOP\BREAK-MASTER\BREAK-MASTER\INFRASTRUCTURE\DEBUG\IKEYBOARD.XDC
C:\USERS\SHO3LA\DESKTOP\BREAK-MASTER\BREAK-MASTER\INFRASTRUCTURE\DEBUG\IGXMANAGER.XDC
C:\USERS\SHO3LA\DESKTOP\BREAK-MASTER\BREAK-MASTER\INFRASTRUCTURE\DEBUG\IDISPLAY.XDC
C:\USERS\SHO3LA\DESKTOP\BREAK-MASTER\BREAK-MASTER\INFRASTRUCTURE\DEBUG\ENGINE.XDC
C:\USERS\SHO3LA\DESKTOP\BREAK-MASTER\BREAK-MASTER\INFRASTRUCTURE\DEBUG\APPLICATION.XDC
C:\USERS\SHO3LA\DESKTOP\BREAK-MASTER\BREAK-MASTER\INFRASTRUCTURE\DEBUG\APPLICATION.OBJ
C:\USERS\SHO3LA\DESKTOP\BREAK-MASTER\BREAK-MASTER\INFRASTRUCTURE\DEBUG\ENGINE.OBJ
C:\USERS\SHO3LA\DESKTOP\BREAK-MASTER\BREAK-MASTER\INFRASTRUCTURE\DEBUG\IDISPLAY.OBJ
C:\USERS\SHO3LA\DESKTOP\BREAK-MASTER\BREAK-MASTER\INFRASTRUCTURE\DEBUG\IGXMANAGER.OBJ
C:\USERS\SHO3LA\DESKTOP\BREAK-MASTER\BREAK-MASTER\INFRASTRUCTURE\DEBUG\IKEYBOARD.OBJ
C:\USERS\SHO3LA\DESKTOP\BREAK-MASTER\BREAK-MASTER\INFRASTRUCTURE\DEBUG\IMOUSE.OBJ
C:\USERS\SHO3LA\DESKTOP\BREAK-MASTER\BREAK-MASTER\INFRASTRUCTURE\DEBUG\INPUTDEVICE.OBJ
C:\USERS\SHO3LA\DESKTOP\BREAK-MASTER\BREAK-MASTER\INFRASTRUCTURE\DEBUG\IRENDERER.OBJ
C:\USERS\SHO3LA\DESKTOP\BREAK-MASTER\BREAK-MASTER\INFRASTRUCTURE\DEBUG\TIME.OBJ
C:\USERS\SHO3LA\DESKTOP\BREAK-MASTER\BREAK-MASTER\INFRASTRUCTURE\DEBUG\TIMESTEP.OBJ
C:\USERS\SHO3LA\DESKTOP\BREAK-MASTER\BREAK-MASTER\INFRASTRUCTURE\DEBUG\VC110.PDB
C:\USERS\SHO3LA\DESKTOP\BREAK-MASTER\BREAK-MASTER\DEBUG\INFRASTRUCTURE.LIB
C:\USERS\SHO3LA\DESKTOP\BREAK-MASTER\BREAK-MASTER\DEBUG\INFRASTRUCTURE.XML
C:\Users\Sho3la\Desktop\Break-master\Break-master\Infrastructure\Debug\Application.obj
C:\Users\Sho3la\Desktop\Break-master\Break-master\Infrastructure\Debug\Engine.obj
C:\Users\Sho3la\Desktop\Break-master\Break-master\Infrastructure\Debug\IDisplay.obj
C:\Users\Sho3la\Desktop\Break-master\Break-master\Infrastructure\Debug\IGXManager.obj
C:\Users\Sho3la\Desktop\Break-master\Break-master\Infrastructure\Debug\IKeyboard.obj
C:\Users\Sho3la\Desktop\Break-master\Break-master\Infrastructure\Debug\IMouse.obj
C:\Users\Sho3la\Desktop\Break-master\Break-master\Infrastructure\Debug\InputDevice.obj
C:\Users\Sho3la\Desktop\Break-master\Break-master\Infrastructure\Debug\IRenderer.obj
C:\Users\Sho3la\Desktop\Break-master\Break-master\Infrastructure\Debug\Time.obj
C:\Users\Sho3la\Desktop\Break-master\Break-master\Infrastructure\Debug\TimeStep.obj
C:\Users\Sho3la\Desktop\Break-master\Break-master\Infrastructure\Debug\cl.command.1.tlog
C:\Users\Sho3la\Desktop\Break-master\Break-master\Infrastructure\Debug\CL.read.1.tlog
C:\Users\Sho3la\Desktop\Break-master\Break-master\Infrastructure\Debug\CL.write.1.tlog
C:\Users\Sho3la\Desktop\Break-master\Break-master\Infrastructure\Debug\Lib-link.read.1.tlog
C:\Users\Sho3la\Desktop\Break-master\Break-master\Infrastructure\Debug\Lib-link.write.1.tlog
C:\Users\Sho3la\Desktop\Break-master\Break-master\Infrastructure\Debug\lib.command.1.tlog
C:\Users\Sho3la\Desktop\Break-master\Break-master\Infrastructure\Debug\XDCMake.command.1.tlog
C:\Users\Sho3la\Desktop\Break-master\Break-master\Infrastructure\Debug\xdcmake.read.1.tlog
C:\Users\Sho3la\Desktop\Break-master\Break-master\Infrastructure\Debug\xdcmake.write.1.tlog
C:\Users\Sho3la\Desktop\Break-master\Break-master\Infrastructure\Debug\vc110.idb
C:\Users\Sho3la\Desktop\Break-master\Break-master\Infrastructure\Debug\Application.xdc
C:\Users\Sho3la\Desktop\Break-master\Break-master\Infrastructure\Debug\Engine.xdc
C:\Users\Sho3la\Desktop\Break-master\Break-master\Infrastructure\Debug\IDisplay.xdc
C:\Users\Sho3la\Desktop\Break-master\Break-master\Infrastructure\Debug\IGXManager.xdc
C:\Users\Sho3la\Desktop\Break-master\Break-master\Infrastructure\Debug\IKeyboard.xdc
C:\Users\Sho3la\Desktop\Break-master\Break-master\Infrastructure\Debug\IMouse.xdc
C:\Users\Sho3la\Desktop\Break-master\Break-master\Infrastructure\Debug\InputDevice.xdc
C:\Users\Sho3la\Desktop\Break-master\Break-master\Infrastructure\Debug\IRenderer.xdc
C:\Users\Sho3la\Desktop\Break-master\Break-master\Infrastructure\Debug\Time.xdc
C:\Users\Sho3la\Desktop\Break-master\Break-master\Infrastructure\Debug\TimeStep.xdc
C:\Users\Sho3la\Desktop\Break-master\Break-master\Infrastructure\Debug\vc110.pdb
C:\Users\Sho3la\Desktop\Break-master\Break-master\Debug\Infrastructure.lib
